  PX2SlamGMappingManager.cpp
f:\github\phoenixengine\phoenix\px2engine\ai\slamgmapping\gridslamprocessor.h : warning C4819: 该文件包含不能在当前代码页(936)中表示的字符。请将该文件保存为 Unicode 格式以防止数据丢失
f:\github\phoenixengine\phoenix\px2engine\ai\slamgmapping\smmap.h(23): warning C4100: “i”: 未引用的形参
f:\github\phoenixengine\phoenix\px2engine\ai\slamgmapping\scanmatcher.h : warning C4819: 该文件包含不能在当前代码页(936)中表示的字符。请将该文件保存为 Unicode 格式以防止数据丢失
f:\github\phoenixengine\phoenix\px2engine\ai\slamgmapping\sse_mathfun.h(85): warning C4838: 从“double”转换到“const float”需要收缩转换
f:\github\phoenixengine\phoenix\px2engine\ai\slamgmapping\sse_mathfun.h(85): warning C4305: “初始化”: 从“double”到“const float”截断
f:\github\phoenixengine\phoenix\px2engine\ai\slamgmapping\sse_mathfun.h(86): warning C4838: 从“double”转换到“const float”需要收缩转换
f:\github\phoenixengine\phoenix\px2engine\ai\slamgmapping\sse_mathfun.h(86): warning C4305: “初始化”: 从“double”到“const float”截断
f:\github\phoenixengine\phoenix\px2engine\ai\slamgmapping\sse_mathfun.h(87): warning C4838: 从“double”转换到“const float”需要收缩转换
f:\github\phoenixengine\phoenix\px2engine\ai\slamgmapping\sse_mathfun.h(87): warning C4305: “初始化”: 从“double”到“const float”截断
f:\github\phoenixengine\phoenix\px2engine\ai\slamgmapping\sse_mathfun.h(88): warning C4838: 从“double”转换到“const float”需要收缩转换
f:\github\phoenixengine\phoenix\px2engine\ai\slamgmapping\sse_mathfun.h(88): warning C4305: “初始化”: 从“double”到“const float”截断
f:\github\phoenixengine\phoenix\px2engine\ai\slamgmapping\sse_mathfun.h(89): warning C4838: 从“double”转换到“const float”需要收缩转换
f:\github\phoenixengine\phoenix\px2engine\ai\slamgmapping\sse_mathfun.h(89): warning C4305: “初始化”: 从“double”到“const float”截断
f:\github\phoenixengine\phoenix\px2engine\ai\slamgmapping\sse_mathfun.h(90): warning C4838: 从“double”转换到“const float”需要收缩转换
f:\github\phoenixengine\phoenix\px2engine\ai\slamgmapping\sse_mathfun.h(90): warning C4305: “初始化”: 从“double”到“const float”截断
f:\github\phoenixengine\phoenix\px2engine\ai\slamgmapping\sse_mathfun.h(91): warning C4838: 从“double”转换到“const float”需要收缩转换
f:\github\phoenixengine\phoenix\px2engine\ai\slamgmapping\sse_mathfun.h(91): warning C4305: “初始化”: 从“double”到“const float”截断
f:\github\phoenixengine\phoenix\px2engine\ai\slamgmapping\sse_mathfun.h(92): warning C4838: 从“double”转换到“const float”需要收缩转换
f:\github\phoenixengine\phoenix\px2engine\ai\slamgmapping\sse_mathfun.h(92): warning C4305: “初始化”: 从“double”到“const float”截断
f:\github\phoenixengine\phoenix\px2engine\ai\slamgmapping\sse_mathfun.h(93): warning C4838: 从“double”转换到“const float”需要收缩转换
f:\github\phoenixengine\phoenix\px2engine\ai\slamgmapping\sse_mathfun.h(93): warning C4305: “初始化”: 从“double”到“const float”截断
f:\github\phoenixengine\phoenix\px2engine\ai\slamgmapping\sse_mathfun.h(94): warning C4838: 从“double”转换到“const float”需要收缩转换
f:\github\phoenixengine\phoenix\px2engine\ai\slamgmapping\sse_mathfun.h(94): warning C4305: “初始化”: 从“double”到“const float”截断
f:\github\phoenixengine\phoenix\px2engine\ai\slamgmapping\sse_mathfun.h(95): warning C4838: 从“double”转换到“const float”需要收缩转换
f:\github\phoenixengine\phoenix\px2engine\ai\slamgmapping\sse_mathfun.h(95): warning C4305: “初始化”: 从“double”到“const float”截断
f:\github\phoenixengine\phoenix\px2engine\ai\slamgmapping\scanmatcher.h(310): warning C4018: “<”: 有符号/无符号不匹配
f:\github\phoenixengine\phoenix\px2engine\ai\slamgmapping\scanmatcher.h(312): warning C4244: “=”: 从“double”转换到“float”，可能丢失数据
f:\github\phoenixengine\phoenix\px2engine\ai\slamgmapping\scanmatcher.h(313): warning C4244: “=”: 从“double”转换到“float”，可能丢失数据
f:\github\phoenixengine\phoenix\px2engine\ai\slamgmapping\scanmatcher.h(314): warning C4244: “=”: 从“double”转换到“float”，可能丢失数据
f:\github\phoenixengine\phoenix\px2engine\ai\slamgmapping\scanmatcher.h(315): warning C4244: “=”: 从“double”转换到“float”，可能丢失数据
F:\GitHub\PHOENIXEngine\PHOENIX\ThirdPartiesLibs\OpenCV3.0\opencv\build\include\opencv2/core/mat.hpp(1965): warning C4819: 该文件包含不能在当前代码页(936)中表示的字符。请将该文件保存为 Unicode 格式以防止数据丢失
F:\GitHub\PHOENIXEngine\PHOENIX\ThirdPartiesLibs\OpenCV3.0\opencv\build\include\opencv2/core/persistence.hpp : warning C4819: 该文件包含不能在当前代码页(936)中表示的字符。请将该文件保存为 Unicode 格式以防止数据丢失
F:\GitHub\PHOENIXEngine\PHOENIX\ThirdPartiesLibs\OpenCV3.0\opencv\build\include\opencv2/core/utility.hpp : warning C4819: 该文件包含不能在当前代码页(936)中表示的字符。请将该文件保存为 Unicode 格式以防止数据丢失
f:\github\phoenixengine\phoenix\px2engine\ai\slamgmapping\gridslamprocessor.h(254): warning C4800: “double”: 将值强制为布尔值“true”或“false”(性能警告)
f:\github\phoenixengine\phoenix\px2engine\ai\slamgmapping\gridslamprocessor.h(346): warning C4018: “<”: 有符号/无符号不匹配
f:\github\phoenixengine\phoenix\px2sdk\include\PX2NetEventBuffer.hpp(104): warning C4127: 条件表达式是常量
f:\github\phoenixengine\phoenix\px2sdk\include\PX2NetEventBuffer.hpp(108): warning C4127: 条件表达式是常量
f:\github\phoenixengine\phoenix\px2sdk\include\PX2Exception.hpp(13): warning C4275: 非 dll 接口 class“std::exception”用作 dll 接口 class“PX2::Exception”的基
  C:\Program Files (x86)\Microsoft Visual Studio 14.0\VC\include\vcruntime_exception.h(43): note: 参见“std::exception”的声明
  f:\github\phoenixengine\phoenix\px2sdk\include\PX2Exception.hpp(12): note: 参见“PX2::Exception”的声明
PX2SlamGMappingManager.cpp(94): warning C4244: “初始化”: 从“double”转换到“float”，可能丢失数据
PX2SlamGMappingManager.cpp(97): warning C4244: “参数”: 从“time_t”转换到“unsigned long”，可能丢失数据
PX2SlamGMappingManager.cpp(107): warning C4244: “参数”: 从“double”转换到“float”，可能丢失数据
PX2SlamGMappingManager.cpp(107): warning C4244: “参数”: 从“float”转换到“int”，可能丢失数据
PX2SlamGMappingManager.cpp(134): warning C4100: “elapsedSeconds”: 未引用的形参
PX2SlamGMappingManager.cpp(134): warning C4100: “appSeconds”: 未引用的形参
PX2SlamGMappingManager.cpp(168): warning C4189: “lsd”: 局部变量已初始化但不引用
    正在创建库 F:\GitHub\PHOENIXEngine\PHOENIX\Release\SlamGMapping.lib 和对象 F:\GitHub\PHOENIXEngine\PHOENIX\Release\SlamGMapping.exp
  正在生成代码
  57 of 1893 functions ( 3.0%) were compiled, the rest were copied from previous compilation.
    54 functions were new in current compilation
    83 functions had inline decision re-evaluated but remain unchanged
  已完成代码的生成
  SlamGMapping.vcxproj -> F:\GitHub\PHOENIXEngine\PHOENIX\Release\SlamGMapping.dll
  SlamGMapping.vcxproj -> F:\GitHub\PHOENIXEngine\PHOENIX\Release\SlamGMapping.pdb (Full PDB)
  F:\GitHub\PHOENIXEngine\PHOENIX\Release\SlamGMapping.dll
  复制了 1 个文件
  F:\GitHub\PHOENIXEngine\PHOENIX\Release\SlamGMapping.lib
  复制了 1 个文件
  F:\GitHub\PHOENIXEngine\PHOENIX\Release\SlamGMapping.dll
  复制了 1 个文件
