f:\github\phoenixengine\phoenix\px2engine\ai\slam2d\_output\v140\win32\release\vc140.pdb
f:\github\phoenixengine\phoenix\px2engine\ai\slam2d\_output\v140\win32\release\timeout.obj
f:\github\phoenixengine\phoenix\px2engine\ai\slam2d\_output\v140\win32\release\slam2dplugindll.obj
f:\github\phoenixengine\phoenix\px2engine\ai\slam2d\_output\v140\win32\release\slam2dplugin.obj
f:\github\phoenixengine\phoenix\px2engine\ai\slam2d\_output\v140\win32\release\sampletolua.obj
f:\github\phoenixengine\phoenix\px2engine\ai\slam2d\_output\v140\win32\release\px2slam2dmanager.obj
f:\github\phoenixengine\phoenix\px2engine\ai\slam2d\_output\v140\win32\release\px2robotextdata.obj
f:\github\phoenixengine\phoenix\px2engine\ai\slam2d\_output\v140\win32\release\px2robotext.obj
f:\github\phoenixengine\phoenix\px2engine\ai\slam2d\_output\v140\win32\release\hectormapping.obj
f:\github\phoenixengine\phoenix\px2engine\ai\slam2d\_output\v140\win32\release\buffer.obj
f:\github\phoenixengine\phoenix\px2engine\ai\slam2d\_output\v140\win32\release\slam2d.dll
f:\github\phoenixengine\phoenix\px2engine\ai\slam2d\_output\v140\win32\release\slam2d.ipdb
f:\github\phoenixengine\phoenix\px2engine\ai\slam2d\_output\v140\win32\release\slam2d.iobj
f:\github\phoenixengine\phoenix\px2engine\ai\slam2d\_output\v140\win32\release\slam2d.pdb
f:\github\phoenixengine\phoenix\px2engine\ai\slam2d\_output\v140\win32\release\slam2d.lib
f:\github\phoenixengine\phoenix\px2engine\ai\slam2d\_output\v140\win32\release\slam2d.exp
f:\github\phoenixengine\phoenix\px2engine\ai\slam2d\_output\v140\win32\release\slam2d.tlog\cl.command.1.tlog
f:\github\phoenixengine\phoenix\px2engine\ai\slam2d\_output\v140\win32\release\slam2d.tlog\cl.read.1.tlog
f:\github\phoenixengine\phoenix\px2engine\ai\slam2d\_output\v140\win32\release\slam2d.tlog\cl.write.1.tlog
f:\github\phoenixengine\phoenix\px2engine\ai\slam2d\_output\v140\win32\release\slam2d.tlog\link.command.1.tlog
f:\github\phoenixengine\phoenix\px2engine\ai\slam2d\_output\v140\win32\release\slam2d.tlog\link.read.1.tlog
f:\github\phoenixengine\phoenix\px2engine\ai\slam2d\_output\v140\win32\release\slam2d.tlog\link.write.1.tlog
f:\github\phoenixengine\phoenix\px2engine\ai\slam2d\_output\v140\win32\release\slam2d.tlog\slam2d.write.1u.tlog
